# JRE version: OpenJDK Runtime Environment (17.0.6) (build 17.0.6+0-b2043.56-9586694)
# Java VM: OpenJDK 64-Bit Server VM (17.0.6+0-b2043.56-9586694, mixed mode, tiered, compressed oops, compressed class ptrs, g1 gc, windows-amd64)
GC Precious Log:
 CPUs: 8 total, 8 available
 Memory: 7877M
 Large Page Support: Disabled
 NUMA Support: Disabled
 Compressed Oops: Enabled (32-bit)
 Heap Region Size: 1M
 Heap Min Capacity: 8M
 Heap Initial Capacity: 124M
 Heap Max Capacity: 1536M
 Pre-touch: Disabled
 Parallel Workers: 8
 Concurrent Workers: 2
 Concurrent Refinement Workers: 8
 Periodic GC: Disabled
Heap:
 garbage-first heap   total 394240K, used 353088K [0x00000000a0000000, 0x0000000100000000)
  region size 1024K, 4 young (4096K), 3 survivors (3072K)
 Metaspace       used 119865K, committed 120704K, reserved 1155072K
  class space    used 16011K, committed 16384K, reserved 1048576K
GC Heap History (20 events):
Event: 81.053 GC heap before
{Heap before GC invocations=51 (full 0):
 garbage-first heap   total 171008K, used 145544K [0x00000000a0000000, 0x0000000100000000)
  region size 1024K, 24 young (24576K), 2 survivors (2048K)
 Metaspace       used 103772K, committed 104640K, reserved 1146880K
  class space    used 13968K, committed 14336K, reserved 1048576K
}
Event: 81.061 GC heap after
{Heap after GC invocations=52 (full 0):
 garbage-first heap   total 171008K, used 125042K [0x00000000a0000000, 0x0000000100000000)
  region size 1024K, 3 young (3072K), 3 survivors (3072K)
 Metaspace       used 103772K, committed 104640K, reserved 1146880K
  class space    used 13968K, committed 14336K, reserved 1048576K
}
Event: 82.183 GC heap before
{Heap before GC invocations=52 (full 0):
 garbage-first heap   total 171008K, used 146546K [0x00000000a0000000, 0x0000000100000000)
  region size 1024K, 25 young (25600K), 3 survivors (3072K)
 Metaspace       used 105026K, committed 105856K, reserved 1146880K
  class space    used 14135K, committed 14528K, reserved 1048576K
}
Event: 82.205 GC heap after
{Heap after GC invocations=53 (full 0):
 garbage-first heap   total 171008K, used 126567K [0x00000000a0000000, 0x0000000100000000)
  region size 1024K, 4 young (4096K), 4 survivors (4096K)
 Metaspace       used 105026K, committed 105856K, reserved 1146880K
  class space    used 14135K, committed 14528K, reserved 1048576K
}
Event: 83.078 GC heap before
{Heap before GC invocations=53 (full 0):
 garbage-first heap   total 171008K, used 146023K [0x00000000a0000000, 0x0000000100000000)
  region size 1024K, 24 young (24576K), 4 survivors (4096K)
 Metaspace       used 106565K, committed 107456K, reserved 1146880K
  class space    used 14347K, committed 14720K, reserved 1048576K
}
Event: 83.228 GC heap after
{Heap after GC invocations=54 (full 0):
 garbage-first heap   total 171008K, used 127366K [0x00000000a0000000, 0x0000000100000000)
  region size 1024K, 3 young (3072K), 3 survivors (3072K)
 Metaspace       used 106565K, committed 107456K, reserved 1146880K
  class space    used 14347K, committed 14720K, reserved 1048576K
}
Event: 84.371 GC heap before
{Heap before GC invocations=54 (full 0):
 garbage-first heap   total 171008K, used 145798K [0x00000000a0000000, 0x0000000100000000)
  region size 1024K, 22 young (22528K), 3 survivors (3072K)
 Metaspace       used 108743K, committed 109568K, reserved 1146880K
  class space    used 14617K, committed 14976K, reserved 1048576K
}
Event: 84.383 GC heap after
{Heap after GC invocations=55 (full 0):
 garbage-first heap   total 171008K, used 129208K [0x00000000a0000000, 0x0000000100000000)
  region size 1024K, 3 young (3072K), 3 survivors (3072K)
 Metaspace       used 108743K, committed 109568K, reserved 1146880K
  class space    used 14617K, committed 14976K, reserved 1048576K
}
Event: 85.067 GC heap before
{Heap before GC invocations=55 (full 0):
 garbage-first heap   total 171008K, used 146616K [0x00000000a0000000, 0x0000000100000000)
  region size 1024K, 21 young (21504K), 3 survivors (3072K)
 Metaspace       used 110679K, committed 111488K, reserved 1146880K
  class space    used 14865K, committed 15232K, reserved 1048576K
}
Event: 85.092 GC heap after
{Heap after GC invocations=56 (full 0):
 garbage-first heap   total 171008K, used 131849K [0x00000000a0000000, 0x0000000100000000)
  region size 1024K, 3 young (3072K), 3 survivors (3072K)
 Metaspace       used 110679K, committed 111488K, reserved 1146880K
  class space    used 14865K, committed 15232K, reserved 1048576K
}
Event: 86.142 GC heap before
{Heap before GC invocations=56 (full 0):
 garbage-first heap   total 171008K, used 147209K [0x00000000a0000000, 0x0000000100000000)
  region size 1024K, 19 young (19456K), 3 survivors (3072K)
 Metaspace       used 114318K, committed 115136K, reserved 1155072K
  class space    used 15354K, committed 15680K, reserved 1048576K
}
Event: 86.174 GC heap after
{Heap after GC invocations=57 (full 0):
 garbage-first heap   total 325632K, used 133187K [0x00000000a0000000, 0x0000000100000000)
  region size 1024K, 2 young (2048K), 2 survivors (2048K)
 Metaspace       used 114318K, committed 115136K, reserved 1155072K
  class space    used 15354K, committed 15680K, reserved 1048576K
}
Event: 94.828 GC heap before
{Heap before GC invocations=57 (full 0):
 garbage-first heap   total 325632K, used 241731K [0x00000000a0000000, 0x0000000100000000)
  region size 1024K, 83 young (84992K), 2 survivors (2048K)
 Metaspace       used 119871K, committed 120704K, reserved 1155072K
  class space    used 16014K, committed 16384K, reserved 1048576K
}
Event: 94.864 GC heap after
{Heap after GC invocations=58 (full 0):
 garbage-first heap   total 325632K, used 143936K [0x00000000a0000000, 0x0000000100000000)
  region size 1024K, 3 young (3072K), 3 survivors (3072K)
 Metaspace       used 119871K, committed 120704K, reserved 1155072K
  class space    used 16014K, committed 16384K, reserved 1048576K
}
Event: 94.953 GC heap before
{Heap before GC invocations=58 (full 0):
 garbage-first heap   total 325632K, used 153152K [0x00000000a0000000, 0x0000000100000000)
  region size 1024K, 4 young (4096K), 3 survivors (3072K)
 Metaspace       used 119871K, committed 120704K, reserved 1155072K
  class space    used 16014K, committed 16384K, reserved 1048576K
}
Event: 94.958 GC heap after
{Heap after GC invocations=59 (full 0):
 garbage-first heap   total 325632K, used 143221K [0x00000000a0000000, 0x0000000100000000)
  region size 1024K, 3 young (3072K), 3 survivors (3072K)
 Metaspace       used 119871K, committed 120704K, reserved 1155072K
  class space    used 16014K, committed 16384K, reserved 1048576K
}
Event: 95.355 GC heap before
{Heap before GC invocations=59 (full 0):
 garbage-first heap   total 325632K, used 161653K [0x00000000a0000000, 0x0000000100000000)
  region size 1024K, 5 young (5120K), 3 survivors (3072K)
 Metaspace       used 119871K, committed 120704K, reserved 1155072K
  class space    used 16014K, committed 16384K, reserved 1048576K
}
Event: 95.362 GC heap after
{Heap after GC invocations=60 (full 0):
 garbage-first heap   total 325632K, used 151359K [0x00000000a0000000, 0x0000000100000000)
  region size 1024K, 3 young (3072K), 3 survivors (3072K)
 Metaspace       used 119871K, committed 120704K, reserved 1155072K
  class space    used 16014K, committed 16384K, reserved 1048576K
}
Event: 95.424 GC heap before
{Heap before GC invocations=60 (full 0):
 garbage-first heap   total 325632K, used 185151K [0x00000000a0000000, 0x0000000100000000)
  region size 1024K, 4 young (4096K), 3 survivors (3072K)
 Metaspace       used 119874K, committed 120704K, reserved 1155072K
  class space    used 16014K, committed 16384K, reserved 1048576K
}
Event: 95.430 GC heap after
{Heap after GC invocations=61 (full 0):
 garbage-first heap   total 325632K, used 167744K [0x00000000a0000000, 0x0000000100000000)
  region size 1024K, 3 young (3072K), 3 survivors (3072K)
 Metaspace       used 119874K, committed 120704K, reserved 1155072K
  class space    used 16014K, committed 16384K, reserved 1048576K
}

