# JRE version: OpenJDK Runtime Environment (17.0.6) (build 17.0.6+0-b2043.56-9586694)
# Java VM: OpenJDK 64-Bit Server VM (17.0.6+0-b2043.56-9586694, mixed mode, tiered, compressed oops, compressed class ptrs, g1 gc, windows-amd64)
GC Precious Log:
 CPUs: 8 total, 8 available
 Memory: 7877M
 Large Page Support: Disabled
 NUMA Support: Disabled
 Compressed Oops: Enabled (32-bit)
 Heap Region Size: 1M
 Heap Min Capacity: 8M
 Heap Initial Capacity: 124M
 Heap Max Capacity: 1536M
 Pre-touch: Disabled
 Parallel Workers: 8
 Concurrent Workers: 2
 Concurrent Refinement Workers: 8
 Periodic GC: Disabled
Heap:
 garbage-first heap   total 70656K, used 45497K [0x00000000a0000000, 0x0000000100000000)
  region size 1024K, 5 young (5120K), 2 survivors (2048K)
 Metaspace       used 50295K, committed 50688K, reserved 1097728K
  class space    used 6532K, committed 6720K, reserved 1048576K
GC Heap History (20 events):
Event: 20.847 GC heap before
{Heap before GC invocations=9 (full 0):
 garbage-first heap   total 65536K, used 46981K [0x00000000a0000000, 0x0000000100000000)
  region size 1024K, 29 young (29696K), 4 survivors (4096K)
 Metaspace       used 38010K, committed 38336K, reserved 1089536K
  class space    used 4957K, committed 5120K, reserved 1048576K
}
Event: 20.861 GC heap after
{Heap after GC invocations=10 (full 0):
 garbage-first heap   total 65536K, used 25090K [0x00000000a0000000, 0x0000000100000000)
  region size 1024K, 4 young (4096K), 4 survivors (4096K)
 Metaspace       used 38010K, committed 38336K, reserved 1089536K
  class space    used 4957K, committed 5120K, reserved 1048576K
}
Event: 23.343 GC heap before
{Heap before GC invocations=10 (full 0):
 garbage-first heap   total 65536K, used 51714K [0x00000000a0000000, 0x0000000100000000)
  region size 1024K, 27 young (27648K), 4 survivors (4096K)
 Metaspace       used 41141K, committed 41472K, reserved 1089536K
  class space    used 5312K, committed 5440K, reserved 1048576K
}
Event: 23.357 GC heap after
{Heap after GC invocations=11 (full 0):
 garbage-first heap   total 65536K, used 27563K [0x00000000a0000000, 0x0000000100000000)
  region size 1024K, 3 young (3072K), 3 survivors (3072K)
 Metaspace       used 41141K, committed 41472K, reserved 1089536K
  class space    used 5312K, committed 5440K, reserved 1048576K
}
Event: 26.369 GC heap before
{Heap before GC invocations=11 (full 0):
 garbage-first heap   total 65536K, used 49067K [0x00000000a0000000, 0x0000000100000000)
  region size 1024K, 24 young (24576K), 3 survivors (3072K)
 Metaspace       used 43398K, committed 43776K, reserved 1089536K
  class space    used 5677K, committed 5888K, reserved 1048576K
}
Event: 26.381 GC heap after
{Heap after GC invocations=12 (full 0):
 garbage-first heap   total 65536K, used 29020K [0x00000000a0000000, 0x0000000100000000)
  region size 1024K, 2 young (2048K), 2 survivors (2048K)
 Metaspace       used 43398K, committed 43776K, reserved 1089536K
  class space    used 5677K, committed 5888K, reserved 1048576K
}
Event: 27.989 GC heap before
{Heap before GC invocations=12 (full 0):
 garbage-first heap   total 65536K, used 50524K [0x00000000a0000000, 0x0000000100000000)
  region size 1024K, 23 young (23552K), 2 survivors (2048K)
 Metaspace       used 45589K, committed 46016K, reserved 1089536K
  class space    used 5901K, committed 6080K, reserved 1048576K
}
Event: 27.997 GC heap after
{Heap after GC invocations=13 (full 0):
 garbage-first heap   total 65536K, used 30835K [0x00000000a0000000, 0x0000000100000000)
  region size 1024K, 3 young (3072K), 3 survivors (3072K)
 Metaspace       used 45589K, committed 46016K, reserved 1089536K
  class space    used 5901K, committed 6080K, reserved 1048576K
}
Event: 30.461 GC heap before
{Heap before GC invocations=13 (full 0):
 garbage-first heap   total 65536K, used 51315K [0x00000000a0000000, 0x0000000100000000)
  region size 1024K, 23 young (23552K), 3 survivors (3072K)
 Metaspace       used 48114K, committed 48512K, reserved 1097728K
  class space    used 6283K, committed 6464K, reserved 1048576K
}
Event: 30.468 GC heap after
{Heap after GC invocations=14 (full 0):
 garbage-first heap   total 65536K, used 32150K [0x00000000a0000000, 0x0000000100000000)
  region size 1024K, 2 young (2048K), 2 survivors (2048K)
 Metaspace       used 48114K, committed 48512K, reserved 1097728K
  class space    used 6283K, committed 6464K, reserved 1048576K
}
Event: 35.614 GC heap before
{Heap before GC invocations=14 (full 0):
 garbage-first heap   total 65536K, used 50582K [0x00000000a0000000, 0x0000000100000000)
  region size 1024K, 20 young (20480K), 2 survivors (2048K)
 Metaspace       used 49699K, committed 50048K, reserved 1097728K
  class space    used 6472K, committed 6656K, reserved 1048576K
}
Event: 35.620 GC heap after
{Heap after GC invocations=15 (full 0):
 garbage-first heap   total 65536K, used 33425K [0x00000000a0000000, 0x0000000100000000)
  region size 1024K, 3 young (3072K), 3 survivors (3072K)
 Metaspace       used 49699K, committed 50048K, reserved 1097728K
  class space    used 6472K, committed 6656K, reserved 1048576K
}
Event: 39.534 GC heap before
{Heap before GC invocations=16 (full 0):
 garbage-first heap   total 65536K, used 50833K [0x00000000a0000000, 0x0000000100000000)
  region size 1024K, 21 young (21504K), 3 survivors (3072K)
 Metaspace       used 50233K, committed 50688K, reserved 1097728K
  class space    used 6530K, committed 6720K, reserved 1048576K
}
Event: 39.540 GC heap after
{Heap after GC invocations=17 (full 0):
 garbage-first heap   total 65536K, used 34618K [0x00000000a0000000, 0x0000000100000000)
  region size 1024K, 3 young (3072K), 3 survivors (3072K)
 Metaspace       used 50233K, committed 50688K, reserved 1097728K
  class space    used 6530K, committed 6720K, reserved 1048576K
}
Event: 39.752 GC heap before
{Heap before GC invocations=17 (full 0):
 garbage-first heap   total 65536K, used 35642K [0x00000000a0000000, 0x0000000100000000)
  region size 1024K, 5 young (5120K), 3 survivors (3072K)
 Metaspace       used 50283K, committed 50688K, reserved 1097728K
  class space    used 6532K, committed 6720K, reserved 1048576K
}
Event: 39.761 GC heap after
{Heap after GC invocations=18 (full 0):
 garbage-first heap   total 65536K, used 34859K [0x00000000a0000000, 0x0000000100000000)
  region size 1024K, 2 young (2048K), 2 survivors (2048K)
 Metaspace       used 50283K, committed 50688K, reserved 1097728K
  class space    used 6532K, committed 6720K, reserved 1048576K
}
Event: 39.874 GC heap before
{Heap before GC invocations=19 (full 0):
 garbage-first heap   total 66560K, used 37931K [0x00000000a0000000, 0x0000000100000000)
  region size 1024K, 3 young (3072K), 2 survivors (2048K)
 Metaspace       used 50283K, committed 50688K, reserved 1097728K
  class space    used 6532K, committed 6720K, reserved 1048576K
}
Event: 39.878 GC heap after
{Heap after GC invocations=20 (full 0):
 garbage-first heap   total 66560K, used 38345K [0x00000000a0000000, 0x0000000100000000)
  region size 1024K, 2 young (2048K), 2 survivors (2048K)
 Metaspace       used 50283K, committed 50688K, reserved 1097728K
  class space    used 6532K, committed 6720K, reserved 1048576K
}
Event: 40.021 GC heap before
{Heap before GC invocations=21 (full 0):
 garbage-first heap   total 70656K, used 40393K [0x00000000a0000000, 0x0000000100000000)
  region size 1024K, 5 young (5120K), 2 survivors (2048K)
 Metaspace       used 50295K, committed 50688K, reserved 1097728K
  class space    used 6532K, committed 6720K, reserved 1048576K
}
Event: 40.026 GC heap after
{Heap after GC invocations=22 (full 0):
 garbage-first heap   total 70656K, used 41401K [0x00000000a0000000, 0x0000000100000000)
  region size 1024K, 2 young (2048K), 2 survivors (2048K)
 Metaspace       used 50295K, committed 50688K, reserved 1097728K
  class space    used 6532K, committed 6720K, reserved 1048576K
}

